<?xml version="1.0" encoding="UTF-8"?>
<testsuite name="me.career.blog.features.twoDimension.TwoDimensionTest" tests="2" skipped="0" failures="0" errors="0" timestamp="2016-11-18T06:57:02" hostname="MYTHINKPAD" time="1.02">
  <properties/>
  <testcase name="decode" classname="me.career.blog.features.twoDimension.TwoDimensionTest" time="0.591"/>
  <testcase name="encode" classname="me.career.blog.features.twoDimension.TwoDimensionTest" time="0.428"/>
  <system-out><![CDATA[{"name":"zhouyou"}
wirte image to file failed! url is null=D:\dog3.jpg
]]></system-out>
  <system-err><![CDATA[]]></system-err>
</testsuite>
