<?xml version="1.0" encoding="UTF-8"?>
<testsuite name="me.jcala.blog.utils.FileToolsTest" tests="1" skipped="0" failures="0" errors="0" timestamp="2016-11-18T06:57:02" hostname="MYTHINKPAD" time="0.011">
  <properties/>
  <testcase name="testPath" classname="me.jcala.blog.utils.FileToolsTest" time="0.011"/>
  <system-out><![CDATA[true
]]></system-out>
  <system-err><![CDATA[]]></system-err>
</testsuite>
