<?xml version="1.0" encoding="UTF-8"?>
<testsuite name="me.jcala.blog.utils.ToolsTest" tests="1" skipped="0" failures="0" errors="0" timestamp="2016-11-18T06:57:02" hostname="MYTHINKPAD" time="0.0">
  <properties/>
  <testcase name="testGetTagList" classname="me.jcala.blog.utils.ToolsTest" time="0.0"/>
  <system-out><![CDATA[E:\openSourceProject\jcalaBlog-master\jcalaBlog-master
]]></system-out>
  <system-err><![CDATA[]]></system-err>
</testsuite>
